<?xml version="1.0" encoding="UTF-8"?>
<testng-results ignored="0" total="3" passed="3" failed="0" skipped="0">
  <reporter-output>
  </reporter-output>
  <suite started-at="2023-07-18T18:24:25 IST" name="Suite" finished-at="2023-07-18T18:24:32 IST" duration-ms="7662">
    <groups>
    </groups>
    <test started-at="2023-07-18T18:24:25 IST" name="PositiveTest" finished-at="2023-07-18T18:24:32 IST" duration-ms="7662">
      <class name="com.herokuapp.internet.loginPage.LoginTest">
        <test-method is-config="true" signature="setUp(java.lang.String)[pri:0, instance:com.herokuapp.internet.loginPage.LoginTest@bef2d72]" started-at="2023-07-18T18:24:25 IST" name="setUp" finished-at="2023-07-18T18:24:27 IST" duration-ms="2270" status="PASS">
          <params>
            <param index="0">
              <value>
                <![CDATA[chrome]]>
              </value>
            </param>
          </params>
          <reporter-output>
          </reporter-output>
        </test-method> <!-- setUp -->
        <test-method signature="logInTest()[pri:0, instance:com.herokuapp.internet.loginPage.LoginTest@bef2d72]" started-at="2023-07-18T18:24:27 IST" name="logInTest" finished-at="2023-07-18T18:24:32 IST" duration-ms="5145" status="PASS">
          <reporter-output>
          </reporter-output>
        </test-method> <!-- logInTest -->
        <test-method is-config="true" signature="tearDown()[pri:0, instance:com.herokuapp.internet.loginPage.LoginTest@bef2d72]" started-at="2023-07-18T18:24:32 IST" name="tearDown" finished-at="2023-07-18T18:24:32 IST" duration-ms="166" status="PASS">
          <reporter-output>
          </reporter-output>
        </test-method> <!-- tearDown -->
      </class> <!-- com.herokuapp.internet.loginPage.LoginTest -->
    </test> <!-- PositiveTest -->
  </suite> <!-- Suite -->
  <suite started-at="2023-07-18T18:24:33 IST" name="NegativeLogInTestSuite" finished-at="2023-07-18T18:24:38 IST" duration-ms="5647">
    <groups>
    </groups>
    <test started-at="2023-07-18T18:24:33 IST" name="NegativePasswordTest-CH2" finished-at="2023-07-18T18:24:38 IST" duration-ms="5601">
      <class name="com.herokuapp.internet.loginPage.NegativeLoginTest">
        <test-method is-config="true" signature="setUp(java.lang.String)[pri:0, instance:com.herokuapp.internet.loginPage.NegativeLoginTest@1dde4cb2]" started-at="2023-07-18T18:24:33 IST" name="setUp" finished-at="2023-07-18T18:24:33 IST" duration-ms="956" status="PASS">
          <params>
            <param index="0">
              <value>
                <![CDATA[chrome]]>
              </value>
            </param>
          </params>
          <reporter-output>
          </reporter-output>
        </test-method> <!-- setUp -->
        <test-method signature="negativeTest(java.lang.String,java.lang.String,java.lang.String)[pri:1, instance:com.herokuapp.internet.loginPage.NegativeLoginTest@1dde4cb2]" started-at="2023-07-18T18:24:33 IST" name="negativeTest" finished-at="2023-07-18T18:24:38 IST" duration-ms="4403" status="PASS">
          <params>
            <param index="0">
              <value>
                <![CDATA[tomsmith]]>
              </value>
            </param>
            <param index="1">
              <value>
                <![CDATA[incorrectPassword]]>
              </value>
            </param>
            <param index="2">
              <value>
                <![CDATA[Your password is invalid!]]>
              </value>
            </param>
          </params>
          <reporter-output>
          </reporter-output>
        </test-method> <!-- negativeTest -->
        <test-method is-config="true" signature="tearDown()[pri:0, instance:com.herokuapp.internet.loginPage.NegativeLoginTest@1dde4cb2]" started-at="2023-07-18T18:24:38 IST" name="tearDown" finished-at="2023-07-18T18:24:38 IST" duration-ms="238" status="PASS">
          <reporter-output>
          </reporter-output>
        </test-method> <!-- tearDown -->
      </class> <!-- com.herokuapp.internet.loginPage.NegativeLoginTest -->
    </test> <!-- NegativePasswordTest-CH2 -->
    <test started-at="2023-07-18T18:24:33 IST" name="NegativeUsernameTest-CH1" finished-at="2023-07-18T18:24:38 IST" duration-ms="5647">
      <class name="com.herokuapp.internet.loginPage.NegativeLoginTest">
        <test-method is-config="true" signature="setUp(java.lang.String)[pri:0, instance:com.herokuapp.internet.loginPage.NegativeLoginTest@5119fb47]" started-at="2023-07-18T18:24:33 IST" name="setUp" finished-at="2023-07-18T18:24:33 IST" duration-ms="923" status="PASS">
          <params>
            <param index="0">
              <value>
                <![CDATA[chrome]]>
              </value>
            </param>
          </params>
          <reporter-output>
          </reporter-output>
        </test-method> <!-- setUp -->
        <test-method signature="negativeTest(java.lang.String,java.lang.String,java.lang.String)[pri:1, instance:com.herokuapp.internet.loginPage.NegativeLoginTest@5119fb47]" started-at="2023-07-18T18:24:33 IST" name="negativeTest" finished-at="2023-07-18T18:24:38 IST" duration-ms="4540" status="PASS">
          <params>
            <param index="0">
              <value>
                <![CDATA[incorrectUsername]]>
              </value>
            </param>
            <param index="1">
              <value>
                <![CDATA[SuperSecretPassword!]]>
              </value>
            </param>
            <param index="2">
              <value>
                <![CDATA[Your username is invalid!]]>
              </value>
            </param>
          </params>
          <reporter-output>
          </reporter-output>
        </test-method> <!-- negativeTest -->
        <test-method is-config="true" signature="tearDown()[pri:0, instance:com.herokuapp.internet.loginPage.NegativeLoginTest@5119fb47]" started-at="2023-07-18T18:24:38 IST" name="tearDown" finished-at="2023-07-18T18:24:38 IST" duration-ms="180" status="PASS">
          <reporter-output>
          </reporter-output>
        </test-method> <!-- tearDown -->
      </class> <!-- com.herokuapp.internet.loginPage.NegativeLoginTest -->
    </test> <!-- NegativeUsernameTest-CH1 -->
  </suite> <!-- NegativeLogInTestSuite -->
</testng-results>
