<?xml version="1.0" encoding="UTF-8"?>
<testng-results ignored="0" total="2" passed="2" failed="0" skipped="0">
  <reporter-output>
  </reporter-output>
  <suite started-at="2023-07-12T19:12:21 IST" name="NegativeLogInTestSuite" finished-at="2023-07-12T19:12:36 IST" duration-ms="14369">
    <groups>
    </groups>
    <test started-at="2023-07-12T19:12:21 IST" name="NegativeUsernameTest-CH1" finished-at="2023-07-12T19:12:32 IST" duration-ms="10642">
      <class name="com.herokuapp.internet.loginPage.NegativeLoginTest">
        <test-method is-config="true" signature="setUp(java.lang.String)[pri:0, instance:com.herokuapp.internet.loginPage.NegativeLoginTest@4802796d]" started-at="2023-07-12T19:12:21 IST" name="setUp" finished-at="2023-07-12T19:12:25 IST" duration-ms="3114" status="PASS">
          <params>
            <param index="0">
              <value>
                <![CDATA[chrome]]>
              </value>
            </param>
          </params>
          <reporter-output>
          </reporter-output>
        </test-method> <!-- setUp -->
        <test-method signature="negativeTest(java.lang.String,java.lang.String,java.lang.String)[pri:1, instance:com.herokuapp.internet.loginPage.NegativeLoginTest@4802796d]" started-at="2023-07-12T19:12:25 IST" name="negativeTest" finished-at="2023-07-12T19:12:32 IST" duration-ms="7249" status="PASS">
          <params>
            <param index="0">
              <value>
                <![CDATA[incorrectUsername]]>
              </value>
            </param>
            <param index="1">
              <value>
                <![CDATA[SuperSecretPassword!]]>
              </value>
            </param>
            <param index="2">
              <value>
                <![CDATA[Your username is invalid!]]>
              </value>
            </param>
          </params>
          <reporter-output>
          </reporter-output>
        </test-method> <!-- negativeTest -->
        <test-method is-config="true" signature="tearDown()[pri:0, instance:com.herokuapp.internet.loginPage.NegativeLoginTest@4802796d]" started-at="2023-07-12T19:12:32 IST" name="tearDown" finished-at="2023-07-12T19:12:32 IST" duration-ms="192" status="PASS">
          <reporter-output>
          </reporter-output>
        </test-method> <!-- tearDown -->
      </class> <!-- com.herokuapp.internet.loginPage.NegativeLoginTest -->
    </test> <!-- NegativeUsernameTest-CH1 -->
    <test started-at="2023-07-12T19:12:21 IST" name="NegativePasswordTest-CH2" finished-at="2023-07-12T19:12:36 IST" duration-ms="14369">
      <class name="com.herokuapp.internet.loginPage.NegativeLoginTest">
        <test-method is-config="true" signature="setUp(java.lang.String)[pri:0, instance:com.herokuapp.internet.loginPage.NegativeLoginTest@79079097]" started-at="2023-07-12T19:12:21 IST" name="setUp" finished-at="2023-07-12T19:12:25 IST" duration-ms="3114" status="PASS">
          <params>
            <param index="0">
              <value>
                <![CDATA[chrome]]>
              </value>
            </param>
          </params>
          <reporter-output>
          </reporter-output>
        </test-method> <!-- setUp -->
        <test-method signature="negativeTest(java.lang.String,java.lang.String,java.lang.String)[pri:1, instance:com.herokuapp.internet.loginPage.NegativeLoginTest@79079097]" started-at="2023-07-12T19:12:25 IST" name="negativeTest" finished-at="2023-07-12T19:12:36 IST" duration-ms="10936" status="PASS">
          <params>
            <param index="0">
              <value>
                <![CDATA[tomsmith]]>
              </value>
            </param>
            <param index="1">
              <value>
                <![CDATA[incorrectPassword]]>
              </value>
            </param>
            <param index="2">
              <value>
                <![CDATA[Your password is invalid!]]>
              </value>
            </param>
          </params>
          <reporter-output>
          </reporter-output>
        </test-method> <!-- negativeTest -->
        <test-method is-config="true" signature="tearDown()[pri:0, instance:com.herokuapp.internet.loginPage.NegativeLoginTest@79079097]" started-at="2023-07-12T19:12:36 IST" name="tearDown" finished-at="2023-07-12T19:12:36 IST" duration-ms="236" status="PASS">
          <reporter-output>
          </reporter-output>
        </test-method> <!-- tearDown -->
      </class> <!-- com.herokuapp.internet.loginPage.NegativeLoginTest -->
    </test> <!-- NegativePasswordTest-CH2 -->
  </suite> <!-- NegativeLogInTestSuite -->
</testng-results>
